<?xml version="1.0" encoding="UTF-8"?>
<!-- Generated by org.testng.reporters.JUnitReportReporter -->
<testsuite hostname="MAVBCP2150" failures="0" tests="1" name="mavenSeleniumProject.SampleMaven" time="27.911" errors="0" timestamp="2021-10-07T19:05:38 IST" skipped="0">
  <testcase classname="mavenSeleniumProject.SampleMaven" name="test" time="27.911"/>
  <system-out/>
</testsuite> <!-- mavenSeleniumProject.SampleMaven -->
