<?xml version="1.0" encoding="UTF-8"?>
<!-- Generated by org.testng.reporters.JUnitReportReporter -->
<testsuite hostname="MAVBCP2150" failures="0" tests="2" name="mavenSeleniumProject.robotExample" time="89.338" errors="0" timestamp="2021-10-08T11:29:34 IST" skipped="0">
  <testcase classname="mavenSeleniumProject.robotExample" name="robot" time="44.355"/>
  <system-out/>
  <testcase classname="mavenSeleniumProject.robotExample" name="robot" time="44.983"/>
  <system-out/>
</testsuite> <!-- mavenSeleniumProject.robotExample -->
